# JRE version: Java(TM) SE Runtime Environment (8.0_102-b14) (build 1.8.0_102-b14)
# Java VM: Java HotSpot(TM) 64-Bit Server VM (25.102-b14 mixed mode windows-amd64 compressed oops)
Heap:
 PSYoungGen      total 278016K, used 113652K [0x00000000eab00000, 0x00000000fd100000, 0x0000000100000000)
  eden space 263168K, 37% used [0x00000000eab00000,0x00000000f0b840b8,0x00000000fac00000)
  from space 14848K, 99% used [0x00000000fc280000,0x00000000fd0f9238,0x00000000fd100000)
  to   space 17920K, 0% used [0x00000000fae00000,0x00000000fae00000,0x00000000fbf80000)
 ParOldGen       total 43520K, used 21214K [0x00000000c0000000, 0x00000000c2a80000, 0x00000000eab00000)
  object space 43520K, 48% used [0x00000000c0000000,0x00000000c14b7bd8,0x00000000c2a80000)
 Metaspace       used 45309K, capacity 46326K, committed 46464K, reserved 1089536K
  class space    used 6243K, capacity 6517K, committed 6528K, reserved 1048576K
GC Heap History (10 events):
Event: 11.827 GC heap before
{Heap before GC invocations=8 (full 1):
 PSYoungGen      total 107520K, used 98304K [0x00000000eab00000, 0x00000000f1e00000, 0x0000000100000000)
  eden space 98304K, 100% used [0x00000000eab00000,0x00000000f0b00000,0x00000000f0b00000)
  from space 9216K, 0% used [0x00000000f1500000,0x00000000f1500000,0x00000000f1e00000)
  to   space 9728K, 0% used [0x00000000f0b00000,0x00000000f0b00000,0x00000000f1480000)
 ParOldGen       total 29184K, used 7793K [0x00000000c0000000, 0x00000000c1c80000, 0x00000000eab00000)
  object space 29184K, 26% used [0x00000000c0000000,0x00000000c079c428,0x00000000c1c80000)
 Metaspace       used 26812K, capacity 27288K, committed 27648K, reserved 1073152K
  class space    used 3632K, capacity 3762K, committed 3840K, reserved 1048576K
Event: 11.864 GC heap after
Heap after GC invocations=8 (full 1):
 PSYoungGen      total 108032K, used 7206K [0x00000000eab00000, 0x00000000f7300000, 0x0000000100000000)
  eden space 98304K, 0% used [0x00000000eab00000,0x00000000eab00000,0x00000000f0b00000)
  from space 9728K, 74% used [0x00000000f0b00000,0x00000000f1209958,0x00000000f1480000)
  to   space 10752K, 0% used [0x00000000f6880000,0x00000000f6880000,0x00000000f7300000)
 ParOldGen       total 29184K, used 7801K [0x00000000c0000000, 0x00000000c1c80000, 0x00000000eab00000)
  object space 29184K, 26% used [0x00000000c0000000,0x00000000c079e428,0x00000000c1c80000)
 Metaspace       used 26812K, capacity 27288K, committed 27648K, reserved 1073152K
  class space    used 3632K, capacity 3762K, committed 3840K, reserved 1048576K
}
Event: 15.267 GC heap before
{Heap before GC invocations=9 (full 1):
 PSYoungGen      total 108032K, used 105510K [0x00000000eab00000, 0x00000000f7300000, 0x0000000100000000)
  eden space 98304K, 100% used [0x00000000eab00000,0x00000000f0b00000,0x00000000f0b00000)
  from space 9728K, 74% used [0x00000000f0b00000,0x00000000f1209958,0x00000000f1480000)
  to   space 10752K, 0% used [0x00000000f6880000,0x00000000f6880000,0x00000000f7300000)
 ParOldGen       total 29184K, used 7801K [0x00000000c0000000, 0x00000000c1c80000, 0x00000000eab00000)
  object space 29184K, 26% used [0x00000000c0000000,0x00000000c079e428,0x00000000c1c80000)
 Metaspace       used 32705K, capacity 33312K, committed 33536K, reserved 1079296K
  class space    used 4403K, capacity 4595K, committed 4608K, reserved 1048576K
Event: 15.318 GC heap after
Heap after GC invocations=9 (full 1):
 PSYoungGen      total 191488K, used 10739K [0x00000000eab00000, 0x00000000f7580000, 0x0000000100000000)
  eden space 180736K, 0% used [0x00000000eab00000,0x00000000eab00000,0x00000000f5b80000)
  from space 10752K, 99% used [0x00000000f6880000,0x00000000f72fcee0,0x00000000f7300000)
  to   space 13312K, 0% used [0x00000000f5b80000,0x00000000f5b80000,0x00000000f6880000)
 ParOldGen       total 29184K, used 9290K [0x00000000c0000000, 0x00000000c1c80000, 0x00000000eab00000)
  object space 29184K, 31% used [0x00000000c0000000,0x00000000c0912b70,0x00000000c1c80000)
 Metaspace       used 32705K, capacity 33312K, committed 33536K, reserved 1079296K
  class space    used 4403K, capacity 4595K, committed 4608K, reserved 1048576K
}
Event: 16.560 GC heap before
{Heap before GC invocations=10 (full 1):
 PSYoungGen      total 191488K, used 49132K [0x00000000eab00000, 0x00000000f7580000, 0x0000000100000000)
  eden space 180736K, 21% used [0x00000000eab00000,0x00000000ed07e2b0,0x00000000f5b80000)
  from space 10752K, 99% used [0x00000000f6880000,0x00000000f72fcee0,0x00000000f7300000)
  to   space 13312K, 0% used [0x00000000f5b80000,0x00000000f5b80000,0x00000000f6880000)
 ParOldGen       total 29184K, used 9290K [0x00000000c0000000, 0x00000000c1c80000, 0x00000000eab00000)
  object space 29184K, 31% used [0x00000000c0000000,0x00000000c0912b70,0x00000000c1c80000)
 Metaspace       used 34700K, capacity 35288K, committed 35456K, reserved 1079296K
  class space    used 4718K, capacity 4890K, committed 4992K, reserved 1048576K
Event: 16.632 GC heap after
Heap after GC invocations=10 (full 1):
 PSYoungGen      total 194048K, used 12201K [0x00000000eab00000, 0x00000000fd100000, 0x0000000100000000)
  eden space 180736K, 0% used [0x00000000eab00000,0x00000000eab00000,0x00000000f5b80000)
  from space 13312K, 91% used [0x00000000f5b80000,0x00000000f676a698,0x00000000f6880000)
  to   space 14848K, 0% used [0x00000000fc280000,0x00000000fc280000,0x00000000fd100000)
 ParOldGen       total 29184K, used 9298K [0x00000000c0000000, 0x00000000c1c80000, 0x00000000eab00000)
  object space 29184K, 31% used [0x00000000c0000000,0x00000000c0914b70,0x00000000c1c80000)
 Metaspace       used 34700K, capacity 35288K, committed 35456K, reserved 1079296K
  class space    used 4718K, capacity 4890K, committed 4992K, reserved 1048576K
}
Event: 16.632 GC heap before
{Heap before GC invocations=11 (full 2):
 PSYoungGen      total 194048K, used 12201K [0x00000000eab00000, 0x00000000fd100000, 0x0000000100000000)
  eden space 180736K, 0% used [0x00000000eab00000,0x00000000eab00000,0x00000000f5b80000)
  from space 13312K, 91% used [0x00000000f5b80000,0x00000000f676a698,0x00000000f6880000)
  to   space 14848K, 0% used [0x00000000fc280000,0x00000000fc280000,0x00000000fd100000)
 ParOldGen       total 29184K, used 9298K [0x00000000c0000000, 0x00000000c1c80000, 0x00000000eab00000)
  object space 29184K, 31% used [0x00000000c0000000,0x00000000c0914b70,0x00000000c1c80000)
 Metaspace       used 34700K, capacity 35288K, committed 35456K, reserved 1079296K
  class space    used 4718K, capacity 4890K, committed 4992K, reserved 1048576K
Event: 16.808 GC heap after
Heap after GC invocations=11 (full 2):
 PSYoungGen      total 194048K, used 0K [0x00000000eab00000, 0x00000000fd100000, 0x0000000100000000)
  eden space 180736K, 0% used [0x00000000eab00000,0x00000000eab00000,0x00000000f5b80000)
  from space 13312K, 0% used [0x00000000f5b80000,0x00000000f5b80000,0x00000000f6880000)
  to   space 14848K, 0% used [0x00000000fc280000,0x00000000fc280000,0x00000000fd100000)
 ParOldGen       total 43520K, used 19727K [0x00000000c0000000, 0x00000000c2a80000, 0x00000000eab00000)
  object space 43520K, 45% used [0x00000000c0000000,0x00000000c1343e68,0x00000000c2a80000)
 Metaspace       used 34700K, capacity 35288K, committed 35456K, reserved 1079296K
  class space    used 4718K, capacity 4890K, committed 4992K, reserved 1048576K
}
Event: 21.377 GC heap before
{Heap before GC invocations=12 (full 2):
 PSYoungGen      total 194048K, used 180736K [0x00000000eab00000, 0x00000000fd100000, 0x0000000100000000)
  eden space 180736K, 100% used [0x00000000eab00000,0x00000000f5b80000,0x00000000f5b80000)
  from space 13312K, 0% used [0x00000000f5b80000,0x00000000f5b80000,0x00000000f6880000)
  to   space 14848K, 0% used [0x00000000fc280000,0x00000000fc280000,0x00000000fd100000)
 ParOldGen       total 43520K, used 19727K [0x00000000c0000000, 0x00000000c2a80000, 0x00000000eab00000)
  object space 43520K, 45% used [0x00000000c0000000,0x00000000c1343e68,0x00000000c2a80000)
 Metaspace       used 41104K, capacity 41870K, committed 41984K, reserved 1085440K
  class space    used 5633K, capacity 5825K, committed 5888K, reserved 1048576K
Event: 21.454 GC heap after
Heap after GC invocations=12 (full 2):
 PSYoungGen      total 278016K, used 14820K [0x00000000eab00000, 0x00000000fd100000, 0x0000000100000000)
  eden space 263168K, 0% used [0x00000000eab00000,0x00000000eab00000,0x00000000fac00000)
  from space 14848K, 99% used [0x00000000fc280000,0x00000000fd0f9238,0x00000000fd100000)
  to   space 17920K, 0% used [0x00000000fae00000,0x00000000fae00000,0x00000000fbf80000)
 ParOldGen       total 43520K, used 21214K [0x00000000c0000000, 0x00000000c2a80000, 0x00000000eab00000)
  object space 43520K, 48% used [0x00000000c0000000,0x00000000c14b7bd8,0x00000000c2a80000)
 Metaspace       used 41104K, capacity 41870K, committed 41984K, reserved 1085440K
  class space    used 5633K, capacity 5825K, committed 5888K, reserved 1048576K
}

