# JRE version: Java(TM) SE Runtime Environment (8.0_102-b14) (build 1.8.0_102-b14)
# Java VM: Java HotSpot(TM) 64-Bit Server VM (25.102-b14 mixed mode windows-amd64 compressed oops)
Heap:
 PSYoungGen      total 321024K, used 203482K [0x00000000eab00000, 0x0000000100000000, 0x0000000100000000)
  eden space 292864K, 69% used [0x00000000eab00000,0x00000000f71b6a38,0x00000000fc900000)
  from space 28160K, 0% used [0x00000000fc900000,0x00000000fc900000,0x00000000fe480000)
  to   space 26624K, 0% used [0x00000000fe600000,0x00000000fe600000,0x0000000100000000)
 ParOldGen       total 89088K, used 41417K [0x00000000c0000000, 0x00000000c5700000, 0x00000000eab00000)
  object space 89088K, 46% used [0x00000000c0000000,0x00000000c28726b0,0x00000000c5700000)
 Metaspace       used 51632K, capacity 53178K, committed 53504K, reserved 1095680K
  class space    used 6925K, capacity 7312K, committed 7424K, reserved 1048576K
GC Heap History (10 events):
Event: 307.479 GC heap before
{Heap before GC invocations=16 (full 3):
 PSYoungGen      total 306176K, used 288256K [0x00000000eab00000, 0x00000000fe780000, 0x0000000100000000)
  eden space 288256K, 100% used [0x00000000eab00000,0x00000000fc480000,0x00000000fc480000)
  from space 17920K, 0% used [0x00000000fd600000,0x00000000fd600000,0x00000000fe780000)
  to   space 17920K, 0% used [0x00000000fc480000,0x00000000fc480000,0x00000000fd600000)
 ParOldGen       total 49152K, used 33216K [0x00000000c0000000, 0x00000000c3000000, 0x00000000eab00000)
  object space 49152K, 67% used [0x00000000c0000000,0x00000000c20700f0,0x00000000c3000000)
 Metaspace       used 49618K, capacity 50930K, committed 51200K, reserved 1093632K
  class space    used 6753K, capacity 7088K, committed 7168K, reserved 1048576K
Event: 307.556 GC heap after
Heap after GC invocations=16 (full 3):
 PSYoungGen      total 306176K, used 17919K [0x00000000eab00000, 0x0000000100000000, 0x0000000100000000)
  eden space 288256K, 0% used [0x00000000eab00000,0x00000000eab00000,0x00000000fc480000)
  from space 17920K, 99% used [0x00000000fc480000,0x00000000fd5ffd58,0x00000000fd600000)
  to   space 21504K, 0% used [0x00000000feb00000,0x00000000feb00000,0x0000000100000000)
 ParOldGen       total 49152K, used 35582K [0x00000000c0000000, 0x00000000c3000000, 0x00000000eab00000)
  object space 49152K, 72% used [0x00000000c0000000,0x00000000c22bf838,0x00000000c3000000)
 Metaspace       used 49618K, capacity 50930K, committed 51200K, reserved 1093632K
  class space    used 6753K, capacity 7088K, committed 7168K, reserved 1048576K
}
Event: 314.129 GC heap before
{Heap before GC invocations=17 (full 3):
 PSYoungGen      total 306176K, used 306175K [0x00000000eab00000, 0x0000000100000000, 0x0000000100000000)
  eden space 288256K, 100% used [0x00000000eab00000,0x00000000fc480000,0x00000000fc480000)
  from space 17920K, 99% used [0x00000000fc480000,0x00000000fd5ffd58,0x00000000fd600000)
  to   space 21504K, 0% used [0x00000000feb00000,0x00000000feb00000,0x0000000100000000)
 ParOldGen       total 49152K, used 35582K [0x00000000c0000000, 0x00000000c3000000, 0x00000000eab00000)
  object space 49152K, 72% used [0x00000000c0000000,0x00000000c22bf838,0x00000000c3000000)
 Metaspace       used 51093K, capacity 52538K, committed 52608K, reserved 1095680K
  class space    used 6900K, capacity 7276K, committed 7296K, reserved 1048576K
Event: 314.200 GC heap after
Heap after GC invocations=17 (full 3):
 PSYoungGen      total 314368K, used 21485K [0x00000000eab00000, 0x0000000100000000, 0x0000000100000000)
  eden space 292864K, 0% used [0x00000000eab00000,0x00000000eab00000,0x00000000fc900000)
  from space 21504K, 99% used [0x00000000feb00000,0x00000000ffffb4a8,0x0000000100000000)
  to   space 28160K, 0% used [0x00000000fc900000,0x00000000fc900000,0x00000000fe480000)
 ParOldGen       total 49152K, used 43386K [0x00000000c0000000, 0x00000000c3000000, 0x00000000eab00000)
  object space 49152K, 88% used [0x00000000c0000000,0x00000000c2a5eb08,0x00000000c3000000)
 Metaspace       used 51093K, capacity 52538K, committed 52608K, reserved 1095680K
  class space    used 6900K, capacity 7276K, committed 7296K, reserved 1048576K
}
Event: 314.200 GC heap before
{Heap before GC invocations=18 (full 4):
 PSYoungGen      total 314368K, used 21485K [0x00000000eab00000, 0x0000000100000000, 0x0000000100000000)
  eden space 292864K, 0% used [0x00000000eab00000,0x00000000eab00000,0x00000000fc900000)
  from space 21504K, 99% used [0x00000000feb00000,0x00000000ffffb4a8,0x0000000100000000)
  to   space 28160K, 0% used [0x00000000fc900000,0x00000000fc900000,0x00000000fe480000)
 ParOldGen       total 49152K, used 43386K [0x00000000c0000000, 0x00000000c3000000, 0x00000000eab00000)
  object space 49152K, 88% used [0x00000000c0000000,0x00000000c2a5eb08,0x00000000c3000000)
 Metaspace       used 51093K, capacity 52538K, committed 52608K, reserved 1095680K
  class space    used 6900K, capacity 7276K, committed 7296K, reserved 1048576K
Event: 314.555 GC heap after
Heap after GC invocations=18 (full 4):
 PSYoungGen      total 314368K, used 8264K [0x00000000eab00000, 0x0000000100000000, 0x0000000100000000)
  eden space 292864K, 0% used [0x00000000eab00000,0x00000000eab00000,0x00000000fc900000)
  from space 21504K, 38% used [0x00000000feb00000,0x00000000ff312078,0x0000000100000000)
  to   space 28160K, 0% used [0x00000000fc900000,0x00000000fc900000,0x00000000fe480000)
 ParOldGen       total 89088K, used 48974K [0x00000000c0000000, 0x00000000c5700000, 0x00000000eab00000)
  object space 89088K, 54% used [0x00000000c0000000,0x00000000c2fd3be0,0x00000000c5700000)
 Metaspace       used 51093K, capacity 52538K, committed 52608K, reserved 1095680K
  class space    used 6900K, capacity 7276K, committed 7296K, reserved 1048576K
}
Event: 317.223 GC heap before
{Heap before GC invocations=19 (full 4):
 PSYoungGen      total 314368K, used 37864K [0x00000000eab00000, 0x0000000100000000, 0x0000000100000000)
  eden space 292864K, 10% used [0x00000000eab00000,0x00000000ec7e8360,0x00000000fc900000)
  from space 21504K, 38% used [0x00000000feb00000,0x00000000ff312078,0x0000000100000000)
  to   space 28160K, 0% used [0x00000000fc900000,0x00000000fc900000,0x00000000fe480000)
 ParOldGen       total 89088K, used 48974K [0x00000000c0000000, 0x00000000c5700000, 0x00000000eab00000)
  object space 89088K, 54% used [0x00000000c0000000,0x00000000c2fd3be0,0x00000000c5700000)
 Metaspace       used 51111K, capacity 52538K, committed 52608K, reserved 1095680K
  class space    used 6900K, capacity 7276K, committed 7296K, reserved 1048576K
Event: 317.261 GC heap after
Heap after GC invocations=19 (full 4):
 PSYoungGen      total 321024K, used 8414K [0x00000000eab00000, 0x0000000100000000, 0x0000000100000000)
  eden space 292864K, 0% used [0x00000000eab00000,0x00000000eab00000,0x00000000fc900000)
  from space 28160K, 29% used [0x00000000fc900000,0x00000000fd137978,0x00000000fe480000)
  to   space 26624K, 0% used [0x00000000fe600000,0x00000000fe600000,0x0000000100000000)
 ParOldGen       total 89088K, used 53023K [0x00000000c0000000, 0x00000000c5700000, 0x00000000eab00000)
  object space 89088K, 59% used [0x00000000c0000000,0x00000000c33c7f18,0x00000000c5700000)
 Metaspace       used 51111K, capacity 52538K, committed 52608K, reserved 1095680K
  class space    used 6900K, capacity 7276K, committed 7296K, reserved 1048576K
}
Event: 317.261 GC heap before
{Heap before GC invocations=20 (full 5):
 PSYoungGen      total 321024K, used 8414K [0x00000000eab00000, 0x0000000100000000, 0x0000000100000000)
  eden space 292864K, 0% used [0x00000000eab00000,0x00000000eab00000,0x00000000fc900000)
  from space 28160K, 29% used [0x00000000fc900000,0x00000000fd137978,0x00000000fe480000)
  to   space 26624K, 0% used [0x00000000fe600000,0x00000000fe600000,0x0000000100000000)
 ParOldGen       total 89088K, used 53023K [0x00000000c0000000, 0x00000000c5700000, 0x00000000eab00000)
  object space 89088K, 59% used [0x00000000c0000000,0x00000000c33c7f18,0x00000000c5700000)
 Metaspace       used 51111K, capacity 52538K, committed 52608K, reserved 1095680K
  class space    used 6900K, capacity 7276K, committed 7296K, reserved 1048576K
Event: 317.503 GC heap after
Heap after GC invocations=20 (full 5):
 PSYoungGen      total 321024K, used 0K [0x00000000eab00000, 0x0000000100000000, 0x0000000100000000)
  eden space 292864K, 0% used [0x00000000eab00000,0x00000000eab00000,0x00000000fc900000)
  from space 28160K, 0% used [0x00000000fc900000,0x00000000fc900000,0x00000000fe480000)
  to   space 26624K, 0% used [0x00000000fe600000,0x00000000fe600000,0x0000000100000000)
 ParOldGen       total 89088K, used 41417K [0x00000000c0000000, 0x00000000c5700000, 0x00000000eab00000)
  object space 89088K, 46% used [0x00000000c0000000,0x00000000c28726b0,0x00000000c5700000)
 Metaspace       used 51111K, capacity 52538K, committed 52608K, reserved 1095680K
  class space    used 6900K, capacity 7276K, committed 7296K, reserved 1048576K
}

