# JRE version: Java(TM) SE Runtime Environment (8.0_102-b14) (build 1.8.0_102-b14)
# Java VM: Java HotSpot(TM) 64-Bit Server VM (25.102-b14 mixed mode windows-amd64 compressed oops)
Heap:
 PSYoungGen      total 235520K, used 144823K [0x00000000eab00000, 0x00000000ffe00000, 0x0000000100000000)
  eden space 218624K, 58% used [0x00000000eab00000,0x00000000f27f01d8,0x00000000f8080000)
  from space 16896K, 99% used [0x00000000f8080000,0x00000000f90fdbd0,0x00000000f9100000)
  to   space 23552K, 0% used [0x00000000fe700000,0x00000000fe700000,0x00000000ffe00000)
 ParOldGen       total 48128K, used 30759K [0x00000000c0000000, 0x00000000c2f00000, 0x00000000eab00000)
  object space 48128K, 63% used [0x00000000c0000000,0x00000000c1e09ca0,0x00000000c2f00000)
 Metaspace       used 52233K, capacity 53288K, committed 53592K, reserved 1095680K
  class space    used 7139K, capacity 7461K, committed 7512K, reserved 1048576K
GC Heap History (10 events):
Event: 12.626 GC heap before
{Heap before GC invocations=9 (full 1):
 PSYoungGen      total 108032K, used 105714K [0x00000000eab00000, 0x00000000f5e80000, 0x0000000100000000)
  eden space 98304K, 100% used [0x00000000eab00000,0x00000000f0b00000,0x00000000f0b00000)
  from space 9728K, 76% used [0x00000000f0b00000,0x00000000f123c988,0x00000000f1480000)
  to   space 10752K, 0% used [0x00000000f5400000,0x00000000f5400000,0x00000000f5e80000)
 ParOldGen       total 33280K, used 9413K [0x00000000c0000000, 0x00000000c2080000, 0x00000000eab00000)
  object space 33280K, 28% used [0x00000000c0000000,0x00000000c09314b0,0x00000000c2080000)
 Metaspace       used 32650K, capacity 33170K, committed 33280K, reserved 1077248K
  class space    used 4409K, capacity 4594K, committed 4608K, reserved 1048576K
Event: 12.682 GC heap after
Heap after GC invocations=9 (full 1):
 PSYoungGen      total 168960K, used 10737K [0x00000000eab00000, 0x00000000f5e80000, 0x0000000100000000)
  eden space 158208K, 0% used [0x00000000eab00000,0x00000000eab00000,0x00000000f4580000)
  from space 10752K, 99% used [0x00000000f5400000,0x00000000f5e7c7e0,0x00000000f5e80000)
  to   space 12800K, 0% used [0x00000000f4580000,0x00000000f4580000,0x00000000f5200000)
 ParOldGen       total 33280K, used 10215K [0x00000000c0000000, 0x00000000c2080000, 0x00000000eab00000)
  object space 33280K, 30% used [0x00000000c0000000,0x00000000c09f9da0,0x00000000c2080000)
 Metaspace       used 32650K, capacity 33170K, committed 33280K, reserved 1077248K
  class space    used 4409K, capacity 4594K, committed 4608K, reserved 1048576K
}
Event: 13.156 GC heap before
{Heap before GC invocations=10 (full 1):
 PSYoungGen      total 168960K, used 49680K [0x00000000eab00000, 0x00000000f5e80000, 0x0000000100000000)
  eden space 158208K, 24% used [0x00000000eab00000,0x00000000ed107928,0x00000000f4580000)
  from space 10752K, 99% used [0x00000000f5400000,0x00000000f5e7c7e0,0x00000000f5e80000)
  to   space 12800K, 0% used [0x00000000f4580000,0x00000000f4580000,0x00000000f5200000)
 ParOldGen       total 33280K, used 10215K [0x00000000c0000000, 0x00000000c2080000, 0x00000000eab00000)
  object space 33280K, 30% used [0x00000000c0000000,0x00000000c09f9da0,0x00000000c2080000)
 Metaspace       used 34609K, capacity 35216K, committed 35416K, reserved 1079296K
  class space    used 4720K, capacity 4890K, committed 4952K, reserved 1048576K
Event: 13.201 GC heap after
Heap after GC invocations=10 (full 1):
 PSYoungGen      total 171008K, used 12217K [0x00000000eab00000, 0x00000000f9f80000, 0x0000000100000000)
  eden space 158208K, 0% used [0x00000000eab00000,0x00000000eab00000,0x00000000f4580000)
  from space 12800K, 95% used [0x00000000f4580000,0x00000000f516e698,0x00000000f5200000)
  to   space 14848K, 0% used [0x00000000f9100000,0x00000000f9100000,0x00000000f9f80000)
 ParOldGen       total 33280K, used 10223K [0x00000000c0000000, 0x00000000c2080000, 0x00000000eab00000)
  object space 33280K, 30% used [0x00000000c0000000,0x00000000c09fbda0,0x00000000c2080000)
 Metaspace       used 34609K, capacity 35216K, committed 35416K, reserved 1079296K
  class space    used 4720K, capacity 4890K, committed 4952K, reserved 1048576K
}
Event: 13.201 GC heap before
{Heap before GC invocations=11 (full 2):
 PSYoungGen      total 171008K, used 12217K [0x00000000eab00000, 0x00000000f9f80000, 0x0000000100000000)
  eden space 158208K, 0% used [0x00000000eab00000,0x00000000eab00000,0x00000000f4580000)
  from space 12800K, 95% used [0x00000000f4580000,0x00000000f516e698,0x00000000f5200000)
  to   space 14848K, 0% used [0x00000000f9100000,0x00000000f9100000,0x00000000f9f80000)
 ParOldGen       total 33280K, used 10223K [0x00000000c0000000, 0x00000000c2080000, 0x00000000eab00000)
  object space 33280K, 30% used [0x00000000c0000000,0x00000000c09fbda0,0x00000000c2080000)
 Metaspace       used 34609K, capacity 35216K, committed 35416K, reserved 1079296K
  class space    used 4720K, capacity 4890K, committed 4952K, reserved 1048576K
Event: 13.353 GC heap after
Heap after GC invocations=11 (full 2):
 PSYoungGen      total 171008K, used 0K [0x00000000eab00000, 0x00000000f9f80000, 0x0000000100000000)
  eden space 158208K, 0% used [0x00000000eab00000,0x00000000eab00000,0x00000000f4580000)
  from space 12800K, 0% used [0x00000000f4580000,0x00000000f4580000,0x00000000f5200000)
  to   space 14848K, 0% used [0x00000000f9100000,0x00000000f9100000,0x00000000f9f80000)
 ParOldGen       total 48128K, used 19717K [0x00000000c0000000, 0x00000000c2f00000, 0x00000000eab00000)
  object space 48128K, 40% used [0x00000000c0000000,0x00000000c1341768,0x00000000c2f00000)
 Metaspace       used 34609K, capacity 35216K, committed 35416K, reserved 1079296K
  class space    used 4720K, capacity 4890K, committed 4952K, reserved 1048576K
}
Event: 15.736 GC heap before
{Heap before GC invocations=12 (full 2):
 PSYoungGen      total 171008K, used 158208K [0x00000000eab00000, 0x00000000f9f80000, 0x0000000100000000)
  eden space 158208K, 100% used [0x00000000eab00000,0x00000000f4580000,0x00000000f4580000)
  from space 12800K, 0% used [0x00000000f4580000,0x00000000f4580000,0x00000000f5200000)
  to   space 14848K, 0% used [0x00000000f9100000,0x00000000f9100000,0x00000000f9f80000)
 ParOldGen       total 48128K, used 19717K [0x00000000c0000000, 0x00000000c2f00000, 0x00000000eab00000)
  object space 48128K, 40% used [0x00000000c0000000,0x00000000c1341768,0x00000000c2f00000)
 Metaspace       used 40164K, capacity 40964K, committed 41304K, reserved 1085440K
  class space    used 5476K, capacity 5656K, committed 5720K, reserved 1048576K
Event: 15.784 GC heap after
Heap after GC invocations=12 (full 2):
 PSYoungGen      total 233472K, used 14103K [0x00000000eab00000, 0x00000000fa480000, 0x0000000100000000)
  eden space 218624K, 0% used [0x00000000eab00000,0x00000000eab00000,0x00000000f8080000)
  from space 14848K, 94% used [0x00000000f9100000,0x00000000f9ec5ef8,0x00000000f9f80000)
  to   space 16896K, 0% used [0x00000000f8080000,0x00000000f8080000,0x00000000f9100000)
 ParOldGen       total 48128K, used 19725K [0x00000000c0000000, 0x00000000c2f00000, 0x00000000eab00000)
  object space 48128K, 40% used [0x00000000c0000000,0x00000000c1343768,0x00000000c2f00000)
 Metaspace       used 40164K, capacity 40964K, committed 41304K, reserved 1085440K
  class space    used 5476K, capacity 5656K, committed 5720K, reserved 1048576K
}
Event: 27.050 GC heap before
{Heap before GC invocations=13 (full 2):
 PSYoungGen      total 233472K, used 232727K [0x00000000eab00000, 0x00000000fa480000, 0x0000000100000000)
  eden space 218624K, 100% used [0x00000000eab00000,0x00000000f8080000,0x00000000f8080000)
  from space 14848K, 94% used [0x00000000f9100000,0x00000000f9ec5ef8,0x00000000f9f80000)
  to   space 16896K, 0% used [0x00000000f8080000,0x00000000f8080000,0x00000000f9100000)
 ParOldGen       total 48128K, used 19725K [0x00000000c0000000, 0x00000000c2f00000, 0x00000000eab00000)
  object space 48128K, 40% used [0x00000000c0000000,0x00000000c1343768,0x00000000c2f00000)
 Metaspace       used 47113K, capacity 48130K, committed 48344K, reserved 1091584K
  class space    used 6459K, capacity 6762K, committed 6872K, reserved 1048576K
Event: 27.204 GC heap after
Heap after GC invocations=13 (full 2):
 PSYoungGen      total 235520K, used 16886K [0x00000000eab00000, 0x00000000ffe00000, 0x0000000100000000)
  eden space 218624K, 0% used [0x00000000eab00000,0x00000000eab00000,0x00000000f8080000)
  from space 16896K, 99% used [0x00000000f8080000,0x00000000f90fdbd0,0x00000000f9100000)
  to   space 23552K, 0% used [0x00000000fe700000,0x00000000fe700000,0x00000000ffe00000)
 ParOldGen       total 48128K, used 30759K [0x00000000c0000000, 0x00000000c2f00000, 0x00000000eab00000)
  object space 48128K, 63% used [0x00000000c0000000,0x00000000c1e09ca0,0x00000000c2f00000)
 Metaspace       used 47113K, capacity 48130K, committed 48344K, reserved 1091584K
  class space    used 6459K, capacity 6762K, committed 6872K, reserved 1048576K
}

