# JRE version: Java(TM) SE Runtime Environment (8.0_102-b14) (build 1.8.0_102-b14)
# Java VM: Java HotSpot(TM) 64-Bit Server VM (25.102-b14 mixed mode windows-amd64 compressed oops)
Heap:
 PSYoungGen      total 237056K, used 219351K [0x00000000eab00000, 0x00000000fa800000, 0x0000000100000000)
  eden space 222208K, 92% used [0x00000000eab00000,0x00000000f72b85b8,0x00000000f8400000)
  from space 14848K, 99% used [0x00000000f9980000,0x00000000fa7fd690,0x00000000fa800000)
  to   space 17920K, 0% used [0x00000000f8500000,0x00000000f8500000,0x00000000f9680000)
 ParOldGen       total 50688K, used 27327K [0x00000000c0000000, 0x00000000c3180000, 0x00000000eab00000)
  object space 50688K, 53% used [0x00000000c0000000,0x00000000c1aafe98,0x00000000c3180000)
 Metaspace       used 56276K, capacity 57696K, committed 57984K, reserved 1099776K
  class space    used 7488K, capacity 7774K, committed 7808K, reserved 1048576K
GC Heap History (10 events):
Event: 46.046 GC heap before
{Heap before GC invocations=18 (full 3):
 PSYoungGen      total 195584K, used 1932K [0x00000000eab00000, 0x00000000f7900000, 0x0000000100000000)
  eden space 180224K, 0% used [0x00000000eab00000,0x00000000eab00000,0x00000000f5b00000)
  from space 15360K, 12% used [0x00000000f5b00000,0x00000000f5ce3028,0x00000000f6a00000)
  to   space 15360K, 0% used [0x00000000f6a00000,0x00000000f6a00000,0x00000000f7900000)
 ParOldGen       total 50688K, used 40080K [0x00000000c0000000, 0x00000000c3180000, 0x00000000eab00000)
  object space 50688K, 79% used [0x00000000c0000000,0x00000000c2724290,0x00000000c3180000)
 Metaspace       used 48856K, capacity 49874K, committed 50048K, reserved 1091584K
  class space    used 6728K, capacity 6987K, committed 7040K, reserved 1048576K
Event: 46.385 GC heap after
Heap after GC invocations=18 (full 3):
 PSYoungGen      total 195584K, used 0K [0x00000000eab00000, 0x00000000f7900000, 0x0000000100000000)
  eden space 180224K, 0% used [0x00000000eab00000,0x00000000eab00000,0x00000000f5b00000)
  from space 15360K, 0% used [0x00000000f5b00000,0x00000000f5b00000,0x00000000f6a00000)
  to   space 15360K, 0% used [0x00000000f6a00000,0x00000000f6a00000,0x00000000f7900000)
 ParOldGen       total 50688K, used 33485K [0x00000000c0000000, 0x00000000c3180000, 0x00000000eab00000)
  object space 50688K, 66% used [0x00000000c0000000,0x00000000c20b3640,0x00000000c3180000)
 Metaspace       used 48856K, capacity 49874K, committed 50048K, reserved 1091584K
  class space    used 6728K, capacity 6987K, committed 7040K, reserved 1048576K
}
Event: 1280.458 GC heap before
{Heap before GC invocations=19 (full 3):
 PSYoungGen      total 195584K, used 137537K [0x00000000eab00000, 0x00000000f7900000, 0x0000000100000000)
  eden space 180224K, 76% used [0x00000000eab00000,0x00000000f31507a0,0x00000000f5b00000)
  from space 15360K, 0% used [0x00000000f5b00000,0x00000000f5b00000,0x00000000f6a00000)
  to   space 15360K, 0% used [0x00000000f6a00000,0x00000000f6a00000,0x00000000f7900000)
 ParOldGen       total 50688K, used 33485K [0x00000000c0000000, 0x00000000c3180000, 0x00000000eab00000)
  object space 50688K, 66% used [0x00000000c0000000,0x00000000c20b3640,0x00000000c3180000)
 Metaspace       used 54321K, capacity 55384K, committed 55552K, reserved 1097728K
  class space    used 7376K, capacity 7664K, committed 7680K, reserved 1048576K
Event: 1280.518 GC heap after
Heap after GC invocations=19 (full 3):
 PSYoungGen      total 193536K, used 6334K [0x00000000eab00000, 0x00000000f7700000, 0x0000000100000000)
  eden space 180224K, 0% used [0x00000000eab00000,0x00000000eab00000,0x00000000f5b00000)
  from space 13312K, 47% used [0x00000000f6a00000,0x00000000f702f8c8,0x00000000f7700000)
  to   space 14336K, 0% used [0x00000000f5b00000,0x00000000f5b00000,0x00000000f6900000)
 ParOldGen       total 50688K, used 33493K [0x00000000c0000000, 0x00000000c3180000, 0x00000000eab00000)
  object space 50688K, 66% used [0x00000000c0000000,0x00000000c20b5640,0x00000000c3180000)
 Metaspace       used 54321K, capacity 55384K, committed 55552K, reserved 1097728K
  class space    used 7376K, capacity 7664K, committed 7680K, reserved 1048576K
}
Event: 1280.519 GC heap before
{Heap before GC invocations=20 (full 4):
 PSYoungGen      total 193536K, used 6334K [0x00000000eab00000, 0x00000000f7700000, 0x0000000100000000)
  eden space 180224K, 0% used [0x00000000eab00000,0x00000000eab00000,0x00000000f5b00000)
  from space 13312K, 47% used [0x00000000f6a00000,0x00000000f702f8c8,0x00000000f7700000)
  to   space 14336K, 0% used [0x00000000f5b00000,0x00000000f5b00000,0x00000000f6900000)
 ParOldGen       total 50688K, used 33493K [0x00000000c0000000, 0x00000000c3180000, 0x00000000eab00000)
  object space 50688K, 66% used [0x00000000c0000000,0x00000000c20b5640,0x00000000c3180000)
 Metaspace       used 54321K, capacity 55384K, committed 55552K, reserved 1097728K
  class space    used 7376K, capacity 7664K, committed 7680K, reserved 1048576K
Event: 1280.812 GC heap after
Heap after GC invocations=20 (full 4):
 PSYoungGen      total 193536K, used 0K [0x00000000eab00000, 0x00000000f7700000, 0x0000000100000000)
  eden space 180224K, 0% used [0x00000000eab00000,0x00000000eab00000,0x00000000f5b00000)
  from space 13312K, 0% used [0x00000000f6a00000,0x00000000f6a00000,0x00000000f7700000)
  to   space 14336K, 0% used [0x00000000f5b00000,0x00000000f5b00000,0x00000000f6900000)
 ParOldGen       total 50688K, used 24748K [0x00000000c0000000, 0x00000000c3180000, 0x00000000eab00000)
  object space 50688K, 48% used [0x00000000c0000000,0x00000000c182b080,0x00000000c3180000)
 Metaspace       used 53670K, capacity 54200K, committed 55552K, reserved 1097728K
  class space    used 7220K, capacity 7360K, committed 7680K, reserved 1048576K
}
Event: 1327.705 GC heap before
{Heap before GC invocations=21 (full 4):
 PSYoungGen      total 193536K, used 180224K [0x00000000eab00000, 0x00000000f7700000, 0x0000000100000000)
  eden space 180224K, 100% used [0x00000000eab00000,0x00000000f5b00000,0x00000000f5b00000)
  from space 13312K, 0% used [0x00000000f6a00000,0x00000000f6a00000,0x00000000f7700000)
  to   space 14336K, 0% used [0x00000000f5b00000,0x00000000f5b00000,0x00000000f6900000)
 ParOldGen       total 50688K, used 24748K [0x00000000c0000000, 0x00000000c3180000, 0x00000000eab00000)
  object space 50688K, 48% used [0x00000000c0000000,0x00000000c182b080,0x00000000c3180000)
 Metaspace       used 54180K, capacity 55010K, committed 56064K, reserved 1097728K
  class space    used 7265K, capacity 7432K, committed 7680K, reserved 1048576K
Event: 1327.764 GC heap after
Heap after GC invocations=21 (full 4):
 PSYoungGen      total 194560K, used 8720K [0x00000000eab00000, 0x00000000fa800000, 0x0000000100000000)
  eden space 180224K, 0% used [0x00000000eab00000,0x00000000eab00000,0x00000000f5b00000)
  from space 14336K, 60% used [0x00000000f5b00000,0x00000000f6384010,0x00000000f6900000)
  to   space 14848K, 0% used [0x00000000f9980000,0x00000000f9980000,0x00000000fa800000)
 ParOldGen       total 50688K, used 24756K [0x00000000c0000000, 0x00000000c3180000, 0x00000000eab00000)
  object space 50688K, 48% used [0x00000000c0000000,0x00000000c182d080,0x00000000c3180000)
 Metaspace       used 54180K, capacity 55010K, committed 56064K, reserved 1097728K
  class space    used 7265K, capacity 7432K, committed 7680K, reserved 1048576K
}
Event: 1372.187 GC heap before
{Heap before GC invocations=22 (full 4):
 PSYoungGen      total 194560K, used 188944K [0x00000000eab00000, 0x00000000fa800000, 0x0000000100000000)
  eden space 180224K, 100% used [0x00000000eab00000,0x00000000f5b00000,0x00000000f5b00000)
  from space 14336K, 60% used [0x00000000f5b00000,0x00000000f6384010,0x00000000f6900000)
  to   space 14848K, 0% used [0x00000000f9980000,0x00000000f9980000,0x00000000fa800000)
 ParOldGen       total 50688K, used 24756K [0x00000000c0000000, 0x00000000c3180000, 0x00000000eab00000)
  object space 50688K, 48% used [0x00000000c0000000,0x00000000c182d080,0x00000000c3180000)
 Metaspace       used 54944K, capacity 56084K, committed 56576K, reserved 1097728K
  class space    used 7352K, capacity 7562K, committed 7680K, reserved 1048576K
Event: 1372.238 GC heap after
Heap after GC invocations=22 (full 4):
 PSYoungGen      total 237056K, used 14837K [0x00000000eab00000, 0x00000000fa800000, 0x0000000100000000)
  eden space 222208K, 0% used [0x00000000eab00000,0x00000000eab00000,0x00000000f8400000)
  from space 14848K, 99% used [0x00000000f9980000,0x00000000fa7fd690,0x00000000fa800000)
  to   space 17920K, 0% used [0x00000000f8500000,0x00000000f8500000,0x00000000f9680000)
 ParOldGen       total 50688K, used 27327K [0x00000000c0000000, 0x00000000c3180000, 0x00000000eab00000)
  object space 50688K, 53% used [0x00000000c0000000,0x00000000c1aafe98,0x00000000c3180000)
 Metaspace       used 54944K, capacity 56084K, committed 56576K, reserved 1097728K
  class space    used 7352K, capacity 7562K, committed 7680K, reserved 1048576K
}

