# JRE version: Java(TM) SE Runtime Environment (8.0_102-b14) (build 1.8.0_102-b14)
# Java VM: Java HotSpot(TM) 64-Bit Server VM (25.102-b14 mixed mode windows-amd64 compressed oops)
Heap:
 PSYoungGen      total 83968K, used 35304K [0x00000000eab00000, 0x00000000f1880000, 0x0000000100000000)
  eden space 78336K, 38% used [0x00000000eab00000,0x00000000ec856590,0x00000000ef780000)
  from space 5632K, 93% used [0x00000000f1300000,0x00000000f1823da0,0x00000000f1880000)
  to   space 8192K, 0% used [0x00000000f0880000,0x00000000f0880000,0x00000000f1080000)
 ParOldGen       total 33792K, used 11904K [0x00000000c0000000, 0x00000000c2100000, 0x00000000eab00000)
  object space 33792K, 35% used [0x00000000c0000000,0x00000000c0ba0218,0x00000000c2100000)
 Metaspace       used 26638K, capacity 27028K, committed 27392K, reserved 1073152K
  class space    used 3629K, capacity 3762K, committed 3840K, reserved 1048576K
GC Heap History (10 events):
Event: 2.405 GC heap before
{Heap before GC invocations=5 (full 0):
 PSYoungGen      total 26624K, used 26624K [0x00000000eab00000, 0x00000000ec700000, 0x0000000100000000)
  eden space 24576K, 100% used [0x00000000eab00000,0x00000000ec300000,0x00000000ec300000)
  from space 2048K, 100% used [0x00000000ec500000,0x00000000ec700000,0x00000000ec700000)
  to   space 2048K, 0% used [0x00000000ec300000,0x00000000ec300000,0x00000000ec500000)
 ParOldGen       total 32768K, used 3432K [0x00000000c0000000, 0x00000000c2000000, 0x00000000eab00000)
  object space 32768K, 10% used [0x00000000c0000000,0x00000000c035a1b8,0x00000000c2000000)
 Metaspace       used 16158K, capacity 16494K, committed 16640K, reserved 1062912K
  class space    used 2159K, capacity 2287K, committed 2304K, reserved 1048576K
Event: 2.427 GC heap after
Heap after GC invocations=5 (full 0):
 PSYoungGen      total 26624K, used 2032K [0x00000000eab00000, 0x00000000ee900000, 0x0000000100000000)
  eden space 24576K, 0% used [0x00000000eab00000,0x00000000eab00000,0x00000000ec300000)
  from space 2048K, 99% used [0x00000000ec300000,0x00000000ec4fc010,0x00000000ec500000)
  to   space 7168K, 0% used [0x00000000ee200000,0x00000000ee200000,0x00000000ee900000)
 ParOldGen       total 32768K, used 8233K [0x00000000c0000000, 0x00000000c2000000, 0x00000000eab00000)
  object space 32768K, 25% used [0x00000000c0000000,0x00000000c080a6a0,0x00000000c2000000)
 Metaspace       used 16158K, capacity 16494K, committed 16640K, reserved 1062912K
  class space    used 2159K, capacity 2287K, committed 2304K, reserved 1048576K
}
Event: 3.205 GC heap before
{Heap before GC invocations=6 (full 0):
 PSYoungGen      total 26624K, used 26608K [0x00000000eab00000, 0x00000000ee900000, 0x0000000100000000)
  eden space 24576K, 100% used [0x00000000eab00000,0x00000000ec300000,0x00000000ec300000)
  from space 2048K, 99% used [0x00000000ec300000,0x00000000ec4fc010,0x00000000ec500000)
  to   space 7168K, 0% used [0x00000000ee200000,0x00000000ee200000,0x00000000ee900000)
 ParOldGen       total 32768K, used 8233K [0x00000000c0000000, 0x00000000c2000000, 0x00000000eab00000)
  object space 32768K, 25% used [0x00000000c0000000,0x00000000c080a6a0,0x00000000c2000000)
 Metaspace       used 18952K, capacity 19270K, committed 19584K, reserved 1067008K
  class space    used 2504K, capacity 2614K, committed 2688K, reserved 1048576K
Event: 3.228 GC heap after
Heap after GC invocations=6 (full 0):
 PSYoungGen      total 56320K, used 5010K [0x00000000eab00000, 0x00000000ee900000, 0x0000000100000000)
  eden space 49152K, 0% used [0x00000000eab00000,0x00000000eab00000,0x00000000edb00000)
  from space 7168K, 69% used [0x00000000ee200000,0x00000000ee6e48d8,0x00000000ee900000)
  to   space 7168K, 0% used [0x00000000edb00000,0x00000000edb00000,0x00000000ee200000)
 ParOldGen       total 32768K, used 8233K [0x00000000c0000000, 0x00000000c2000000, 0x00000000eab00000)
  object space 32768K, 25% used [0x00000000c0000000,0x00000000c080a6a0,0x00000000c2000000)
 Metaspace       used 18952K, capacity 19270K, committed 19584K, reserved 1067008K
  class space    used 2504K, capacity 2614K, committed 2688K, reserved 1048576K
}
Event: 3.987 GC heap before
{Heap before GC invocations=7 (full 0):
 PSYoungGen      total 56320K, used 31796K [0x00000000eab00000, 0x00000000ee900000, 0x0000000100000000)
  eden space 49152K, 54% used [0x00000000eab00000,0x00000000ec528a20,0x00000000edb00000)
  from space 7168K, 69% used [0x00000000ee200000,0x00000000ee6e48d8,0x00000000ee900000)
  to   space 7168K, 0% used [0x00000000edb00000,0x00000000edb00000,0x00000000ee200000)
 ParOldGen       total 32768K, used 8233K [0x00000000c0000000, 0x00000000c2000000, 0x00000000eab00000)
  object space 32768K, 25% used [0x00000000c0000000,0x00000000c080a6a0,0x00000000c2000000)
 Metaspace       used 20810K, capacity 21152K, committed 21296K, reserved 1067008K
  class space    used 2812K, capacity 2940K, committed 2944K, reserved 1048576K
Event: 4.007 GC heap after
Heap after GC invocations=7 (full 0):
 PSYoungGen      total 56320K, used 6184K [0x00000000eab00000, 0x00000000f1b00000, 0x0000000100000000)
  eden space 49152K, 0% used [0x00000000eab00000,0x00000000eab00000,0x00000000edb00000)
  from space 7168K, 86% used [0x00000000edb00000,0x00000000ee10a290,0x00000000ee200000)
  to   space 8192K, 0% used [0x00000000f1300000,0x00000000f1300000,0x00000000f1b00000)
 ParOldGen       total 32768K, used 8737K [0x00000000c0000000, 0x00000000c2000000, 0x00000000eab00000)
  object space 32768K, 26% used [0x00000000c0000000,0x00000000c08886e0,0x00000000c2000000)
 Metaspace       used 20810K, capacity 21152K, committed 21296K, reserved 1067008K
  class space    used 2812K, capacity 2940K, committed 2944K, reserved 1048576K
}
Event: 4.007 GC heap before
{Heap before GC invocations=8 (full 1):
 PSYoungGen      total 56320K, used 6184K [0x00000000eab00000, 0x00000000f1b00000, 0x0000000100000000)
  eden space 49152K, 0% used [0x00000000eab00000,0x00000000eab00000,0x00000000edb00000)
  from space 7168K, 86% used [0x00000000edb00000,0x00000000ee10a290,0x00000000ee200000)
  to   space 8192K, 0% used [0x00000000f1300000,0x00000000f1300000,0x00000000f1b00000)
 ParOldGen       total 32768K, used 8737K [0x00000000c0000000, 0x00000000c2000000, 0x00000000eab00000)
  object space 32768K, 26% used [0x00000000c0000000,0x00000000c08886e0,0x00000000c2000000)
 Metaspace       used 20810K, capacity 21152K, committed 21296K, reserved 1067008K
  class space    used 2812K, capacity 2940K, committed 2944K, reserved 1048576K
Event: 4.081 GC heap after
Heap after GC invocations=8 (full 1):
 PSYoungGen      total 56320K, used 0K [0x00000000eab00000, 0x00000000f1b00000, 0x0000000100000000)
  eden space 49152K, 0% used [0x00000000eab00000,0x00000000eab00000,0x00000000edb00000)
  from space 7168K, 0% used [0x00000000edb00000,0x00000000edb00000,0x00000000ee200000)
  to   space 8192K, 0% used [0x00000000f1300000,0x00000000f1300000,0x00000000f1b00000)
 ParOldGen       total 33792K, used 11904K [0x00000000c0000000, 0x00000000c2100000, 0x00000000eab00000)
  object space 33792K, 35% used [0x00000000c0000000,0x00000000c0ba0218,0x00000000c2100000)
 Metaspace       used 20810K, capacity 21152K, committed 21296K, reserved 1067008K
  class space    used 2812K, capacity 2940K, committed 2944K, reserved 1048576K
}
Event: 5.143 GC heap before
{Heap before GC invocations=9 (full 1):
 PSYoungGen      total 56320K, used 49150K [0x00000000eab00000, 0x00000000f1b00000, 0x0000000100000000)
  eden space 49152K, 99% used [0x00000000eab00000,0x00000000edaffbf0,0x00000000edb00000)
  from space 7168K, 0% used [0x00000000edb00000,0x00000000edb00000,0x00000000ee200000)
  to   space 8192K, 0% used [0x00000000f1300000,0x00000000f1300000,0x00000000f1b00000)
 ParOldGen       total 33792K, used 11904K [0x00000000c0000000, 0x00000000c2100000, 0x00000000eab00000)
  object space 33792K, 35% used [0x00000000c0000000,0x00000000c0ba0218,0x00000000c2100000)
 Metaspace       used 24522K, capacity 24930K, committed 25088K, reserved 1071104K
  class space    used 3421K, capacity 3535K, committed 3584K, reserved 1048576K
Event: 5.174 GC heap after
Heap after GC invocations=9 (full 1):
 PSYoungGen      total 83968K, used 5263K [0x00000000eab00000, 0x00000000f1880000, 0x0000000100000000)
  eden space 78336K, 0% used [0x00000000eab00000,0x00000000eab00000,0x00000000ef780000)
  from space 5632K, 93% used [0x00000000f1300000,0x00000000f1823da0,0x00000000f1880000)
  to   space 8192K, 0% used [0x00000000f0880000,0x00000000f0880000,0x00000000f1080000)
 ParOldGen       total 33792K, used 11904K [0x00000000c0000000, 0x00000000c2100000, 0x00000000eab00000)
  object space 33792K, 35% used [0x00000000c0000000,0x00000000c0ba0218,0x00000000c2100000)
 Metaspace       used 24522K, capacity 24930K, committed 25088K, reserved 1071104K
  class space    used 3421K, capacity 3535K, committed 3584K, reserved 1048576K
}

