# JRE version: Java(TM) SE Runtime Environment (8.0_102-b14) (build 1.8.0_102-b14)
# Java VM: Java HotSpot(TM) 64-Bit Server VM (25.102-b14 mixed mode windows-amd64 compressed oops)
Heap:
 PSYoungGen      total 26624K, used 16165K [0x00000000d5580000, 0x00000000d8980000, 0x0000000100000000)
  eden space 24576K, 57% used [0x00000000d5580000,0x00000000d634cc78,0x00000000d6d80000)
  from space 2048K, 99% used [0x00000000d6d80000,0x00000000d6f7c790,0x00000000d6f80000)
  to   space 2048K, 0% used [0x00000000d8780000,0x00000000d8780000,0x00000000d8980000)
 ParOldGen       total 32768K, used 12529K [0x0000000080000000, 0x0000000082000000, 0x00000000d5580000)
  object space 32768K, 38% used [0x0000000080000000,0x0000000080c3c4a8,0x0000000082000000)
 Metaspace       used 6057K, capacity 7088K, committed 7296K, reserved 1056768K
  class space    used 600K, capacity 616K, committed 640K, reserved 1048576K
GC Heap History (6 events):
Event: 0.662 GC heap before
{Heap before GC invocations=1 (full 0):
 PSYoungGen      total 14336K, used 12288K [0x00000000d5580000, 0x00000000d6580000, 0x0000000100000000)
  eden space 12288K, 100% used [0x00000000d5580000,0x00000000d6180000,0x00000000d6180000)
  from space 2048K, 0% used [0x00000000d6380000,0x00000000d6380000,0x00000000d6580000)
  to   space 2048K, 0% used [0x00000000d6180000,0x00000000d6180000,0x00000000d6380000)
 ParOldGen       total 32768K, used 0K [0x0000000080000000, 0x0000000082000000, 0x00000000d5580000)
  object space 32768K, 0% used [0x0000000080000000,0x0000000080000000,0x0000000082000000)
 Metaspace       used 5538K, capacity 6704K, committed 6784K, reserved 1056768K
  class space    used 575K, capacity 616K, committed 640K, reserved 1048576K
Event: 0.674 GC heap after
Heap after GC invocations=1 (full 0):
 PSYoungGen      total 14336K, used 2032K [0x00000000d5580000, 0x00000000d7180000, 0x0000000100000000)
  eden space 12288K, 0% used [0x00000000d5580000,0x00000000d5580000,0x00000000d6180000)
  from space 2048K, 99% used [0x00000000d6180000,0x00000000d637c028,0x00000000d6380000)
  to   space 2048K, 0% used [0x00000000d6f80000,0x00000000d6f80000,0x00000000d7180000)
 ParOldGen       total 32768K, used 1460K [0x0000000080000000, 0x0000000082000000, 0x00000000d5580000)
  object space 32768K, 4% used [0x0000000080000000,0x000000008016d0d8,0x0000000082000000)
 Metaspace       used 5538K, capacity 6704K, committed 6784K, reserved 1056768K
  class space    used 575K, capacity 616K, committed 640K, reserved 1048576K
}
Event: 0.987 GC heap before
{Heap before GC invocations=2 (full 0):
 PSYoungGen      total 14336K, used 14320K [0x00000000d5580000, 0x00000000d7180000, 0x0000000100000000)
  eden space 12288K, 100% used [0x00000000d5580000,0x00000000d6180000,0x00000000d6180000)
  from space 2048K, 99% used [0x00000000d6180000,0x00000000d637c028,0x00000000d6380000)
  to   space 2048K, 0% used [0x00000000d6f80000,0x00000000d6f80000,0x00000000d7180000)
 ParOldGen       total 32768K, used 1460K [0x0000000080000000, 0x0000000082000000, 0x00000000d5580000)
  object space 32768K, 4% used [0x0000000080000000,0x000000008016d0d8,0x0000000082000000)
 Metaspace       used 5735K, capacity 6832K, committed 7040K, reserved 1056768K
  class space    used 578K, capacity 616K, committed 640K, reserved 1048576K
Event: 1.017 GC heap after
Heap after GC invocations=2 (full 0):
 PSYoungGen      total 26624K, used 2022K [0x00000000d5580000, 0x00000000d7180000, 0x0000000100000000)
  eden space 24576K, 0% used [0x00000000d5580000,0x00000000d5580000,0x00000000d6d80000)
  from space 2048K, 98% used [0x00000000d6f80000,0x00000000d71798a8,0x00000000d7180000)
  to   space 2048K, 0% used [0x00000000d6d80000,0x00000000d6d80000,0x00000000d6f80000)
 ParOldGen       total 32768K, used 4162K [0x0000000080000000, 0x0000000082000000, 0x00000000d5580000)
  object space 32768K, 12% used [0x0000000080000000,0x0000000080410800,0x0000000082000000)
 Metaspace       used 5735K, capacity 6832K, committed 7040K, reserved 1056768K
  class space    used 578K, capacity 616K, committed 640K, reserved 1048576K
}
Event: 1.519 GC heap before
{Heap before GC invocations=3 (full 0):
 PSYoungGen      total 26624K, used 26598K [0x00000000d5580000, 0x00000000d7180000, 0x0000000100000000)
  eden space 24576K, 100% used [0x00000000d5580000,0x00000000d6d80000,0x00000000d6d80000)
  from space 2048K, 98% used [0x00000000d6f80000,0x00000000d71798a8,0x00000000d7180000)
  to   space 2048K, 0% used [0x00000000d6d80000,0x00000000d6d80000,0x00000000d6f80000)
 ParOldGen       total 32768K, used 4162K [0x0000000080000000, 0x0000000082000000, 0x00000000d5580000)
  object space 32768K, 12% used [0x0000000080000000,0x0000000080410800,0x0000000082000000)
 Metaspace       used 5777K, capacity 6896K, committed 7040K, reserved 1056768K
  class space    used 581K, capacity 616K, committed 640K, reserved 1048576K
Event: 1.584 GC heap after
Heap after GC invocations=3 (full 0):
 PSYoungGen      total 26624K, used 2033K [0x00000000d5580000, 0x00000000d8980000, 0x0000000100000000)
  eden space 24576K, 0% used [0x00000000d5580000,0x00000000d5580000,0x00000000d6d80000)
  from space 2048K, 99% used [0x00000000d6d80000,0x00000000d6f7c790,0x00000000d6f80000)
  to   space 2048K, 0% used [0x00000000d8780000,0x00000000d8780000,0x00000000d8980000)
 ParOldGen       total 32768K, used 12529K [0x0000000080000000, 0x0000000082000000, 0x00000000d5580000)
  object space 32768K, 38% used [0x0000000080000000,0x0000000080c3c4a8,0x0000000082000000)
 Metaspace       used 5777K, capacity 6896K, committed 7040K, reserved 1056768K
  class space    used 581K, capacity 616K, committed 640K, reserved 1048576K
}

